				constante EQU $1789
				var EQU $0000
				var1 EQU $0002
				var2 EQU $0003
		ORG $8000
				inicio
				salto
11: 8000 (01)				: 	NOP 
12: 8001 (01)				: 	NOP 
				salto1
15: 8002 (01)				: 	NOP 
16: 8003 (01)				: 	NOP 
				salto2
18: 8004 (01)				: 	NOP 
19: 8005 (01)				: 	NOP 
20: 8006 (0 9)				: 	DEX 
21: 8007 (26 f9)				: 	BNE SALTO 
22: 8009 (22 f9)				: 	BHI SALTO1 
23: 800b (13 07 80 100)				: 	BRCLR $07,#$80 SALTE 
24: 800b (1F 05 aa 100)				: 	BRCLR $05,X,#$AA SALTE 
25: 800b (12 7c 33 100)				: 	BRSET $7C,#$33 SALTE 
26: 800b (18 1E 89 40 100)				: 	BRSET $89,Y,#$40 SALTE 
27: 800b (15 55 77)				: 	BCLR $55,#$77 
28: 800b (14 49 80)				: 	BSET $49,#$80 
29: 800b (1D 70 88 )				: 	BCLR $70,X,#$88 
30: 800b (18 1C 91 7c )				: 	BSET $91,Y,#$7C 
				salte
34: 800b (7E 8000)				: 	JMP INICIO 
