				hh EQU $0000
				hl EQU $0001
				mh EQU $0002
				ml EQU $0003
				sh EQU $0004
				sl EQU $0005
				seg EQU $0006
		ORG $8000
				inicio
27: 8000 (7F 0000)				:       CLR HH 
28: 8003 (7F 0001)				:       CLR HL 
29: 8006 (7F 0002)				:       CLR MH 
30: 8009 (7F 0003)				:       CLR ML 
31: 800c (7F 0004)				:       CLR SH 
32: 800f (7F 0005)				:       CLR SL 
33: 8012 (7F 0006)				:     CLR SEG 
				otro
35: 8015 (7F 0006)				:    CLR SEG 
				ciclo
40: 8018 (D6 0005)				:    LDAB SL 
41: 801a (C1 9)				:    CMPB #9 
42: 801c (27 08)				:    BEQ SIGUE 
43: 801e (7C 0005)				:    INC SL 
44: 8021 (7E 8015)				:    JMP OTRO 
				sigue
47: 8024 (7F 0005)				:    CLR SL 
48: 8027 (D6 0004)				:    LDAB SH 
49: 8029 (C1 5)				:    CMPB #5 
50: 802b (27 08)				:    BEQ SIGUE1 
51: 802d (7C 0004)				:    INC SH 
52: 8030 (7E 8015)				:    JMP OTRO 
				sigue1
55: 8033 (7F 0004)				:    CLR SH 
56: 8036 (7F 0005)				:    CLR SL 
57: 8039 (D6 0003)				:    LDAB ML 
58: 803b (C1 9)				:    CMPB #9 
59: 803d (27 08)				:    BEQ SIGUE2 
60: 803f (7C 0003)				:    INC ML 
61: 8042 (7E 8015)				:    JMP OTRO 
				sigue2
64: 8045 (7F 0003)				:    CLR ML 
65: 8048 (D6 0002)				:    LDAB MH 
66: 804a (C1 5)				:    CMPB #5 
67: 804c (27 08)				:    BEQ SIGUE3 
68: 804e (7C 0002)				:    INC MH 
69: 8051 (7E 8015)				:    JMP OTRO 
				sigue3
72: 8054 (7F 0002)				:    CLR MH 
73: 8057 (7F 0003)				:    CLR ML 
74: 805a (7F 0004)				:    CLR SH 
75: 805d (7F 0005)				:    CLR SL 
77: 8060 (D6 0000)				:    LDAB HH 
78: 8062 (C1 2)				:    CMPB #2 
79: 8064 (27 0e)				:    BEQ SIGUE4 
80: 8066 (D6 0001)				:    LDAB HL 
81: 8068 (C1 9)				:    CMPB #9 
82: 806a (27 14)				:    BEQ SIGUE5 
83: 806c (7C 0001)				:    INC HL 
84: 806f (7E 8015)				:    JMP OTRO 
				sigue4
87: 8072 (D6 0001)				:    LDAB HL 
88: 8074 (C1 3)				:    CMPB #3    
89: 8076 (27 8a)				:    BEQ INICIO 
90: 8078 (7C 0001)				:    INC HL 
91: 807b (7E 8015)				:    JMP OTRO 
				sigue5
94: 807e (7F 0001)				:    CLR HL 
95: 8081 (7C 0000)				:    INC HH 
96: 8084 (7E 8015)				:    JMP OTRO 
